<?xml version="1.0" encoding="UTF-8"?>
<!-- Generated by org.testng.reporters.JUnitReportReporter -->
<testsuite hostname="rahkumar-t480" name="com.tibco.automation.oiag.test.forwarders.UldpForwarderTestSuite" tests="1" failures="1" timestamp="20 Feb 2021 05:51:00 GMT" time="32.912" errors="0">
  <testcase name="addTcpForwarder" time="32.912" classname="com.tibco.automation.oiag.test.forwarders.UldpForwarderTestSuite"/>
</testsuite> <!-- com.tibco.automation.oiag.test.forwarders.UldpForwarderTestSuite -->
