<?xml version="1.0" encoding="UTF-8"?>
<!-- Generated by org.testng.reporters.JUnitReportReporter -->
<testsuite hostname="rahkumar-t480" name="com.tibco.automation.oiag.test.homePage.HomePageTestSuite" tests="1" failures="1" timestamp="19 Feb 2021 10:18:25 GMT" time="7.641" errors="0">
  <testcase name="verifyHomePage" time="7.641" classname="com.tibco.automation.oiag.test.homePage.HomePageTestSuite"/>
</testsuite> <!-- com.tibco.automation.oiag.test.homePage.HomePageTestSuite -->
