<?xml version="1.0" encoding="UTF-8"?>
<!-- Generated by org.testng.reporters.JUnitReportReporter -->
<testsuite hostname="rahkumar-t480" name="com.tibco.automation.hawk.test.HomePageTestCases" tests="1" failures="1" timestamp="19 Feb 2021 04:50:07 GMT" time="10.451" errors="0">
  <testcase name="test1" time="10.451" classname="com.tibco.automation.hawk.test.HomePageTestCases"/>
</testsuite> <!-- com.tibco.automation.hawk.test.HomePageTestCases -->
