<?xml version="1.0" encoding="UTF-8"?>
<!-- Generated by org.testng.reporters.JUnitReportReporter -->
<testsuite hostname="rahkumar-t480" name="com.tibco.automation.oiag.test.forwarders.TcpForwardersTestSuite" tests="1" failures="1" timestamp="20 Feb 2021 08:16:03 GMT" time="44.526" errors="0">
  <testcase name="addTcpForwarder" time="44.526" classname="com.tibco.automation.oiag.test.forwarders.TcpForwardersTestSuite"/>
</testsuite> <!-- com.tibco.automation.oiag.test.forwarders.TcpForwardersTestSuite -->
