<?xml version="1.0" encoding="UTF-8"?>
<!-- Generated by org.testng.reporters.JUnitReportReporter -->
<testsuite hostname="rahkumar-t480" name="com.tibco.automation.oiag.test.forwarders.UdpForwarderTestSuite" tests="1" failures="1" timestamp="20 Feb 2021 08:20:09 GMT" time="33.408" errors="0">
  <testcase name="addTcpForwarder" time="33.408" classname="com.tibco.automation.oiag.test.forwarders.UdpForwarderTestSuite"/>
</testsuite> <!-- com.tibco.automation.oiag.test.forwarders.UdpForwarderTestSuite -->
